<?xml version="1.0" encoding="UTF-8"?>
<testsuite name="com.builders.web.HelloServletTest" tests="1" skipped="0" failures="0" errors="0" timestamp="2021-05-07T12:46:05" hostname="EPUALVIW0544" time="0.004">
  <properties/>
  <testcase name="testHello" classname="com.builders.web.HelloServletTest" time="0.004"/>
  <system-out><![CDATA[]]></system-out>
  <system-err><![CDATA[]]></system-err>
</testsuite>
