<?xml version="1.0" encoding="UTF-8"?>
<testsuite name="com.builders.services.BuilderServiceTest" tests="1" skipped="0" failures="0" errors="0" timestamp="2021-05-07T12:46:04" hostname="EPUALVIW0544" time="0.001">
  <properties/>
  <testcase name="testHello" classname="com.builders.services.BuilderServiceTest" time="0.001"/>
  <system-out><![CDATA[]]></system-out>
  <system-err><![CDATA[]]></system-err>
</testsuite>
